{
  "/Users/ott1899/Git/chrisotto/components/ProjectCard.js": {
    "path": "/Users/ott1899/Git/chrisotto/components/ProjectCard.js",
    "statementMap": {
      "0": { "start": { "line": 4, "column": 20 }, "end": { "line": 26, "column": 1 } },
      "1": { "start": { "line": 5, "column": 2 }, "end": { "line": 25, "column": 8 } },
      "2": { "start": { "line": 13, "column": 8 }, "end": { "line": 18, "column": 15 } }
    },
    "fnMap": {
      "0": {
        "name": "(anonymous_0)",
        "decl": { "start": { "line": 4, "column": 20 }, "end": { "line": 4, "column": 21 } },
        "loc": { "start": { "line": 5, "column": 2 }, "end": { "line": 25, "column": 8 } },
        "line": 5
      },
      "1": {
        "name": "(anonymous_1)",
        "decl": { "start": { "line": 12, "column": 16 }, "end": { "line": 12, "column": 17 } },
        "loc": { "start": { "line": 13, "column": 8 }, "end": { "line": 18, "column": 15 } },
        "line": 13
      }
    },
    "branchMap": {},
    "s": { "0": 1, "1": 1, "2": 2 },
    "f": { "0": 1, "1": 2 },
    "b": {},
    "_coverageSchema": "1a1c01bbd47fc00a2c39e90264f33305004495a9",
    "hash": "072099a91ec5c279a9d75d762a0d5a22b5ebc0e8"
  }
}
