{
  "/Users/chris/Git/chrisotto/components/BlogItem.js": {
    "path": "/Users/chris/Git/chrisotto/components/BlogItem.js",
    "statementMap": {
      "0": { "start": { "line": 6, "column": 17 }, "end": { "line": 46, "column": 1 } },
      "1": { "start": { "line": 7, "column": 2 }, "end": { "line": 45, "column": 12 } },
      "2": { "start": { "line": 19, "column": 14 }, "end": { "line": 19, "column": 42 } }
    },
    "fnMap": {
      "0": {
        "name": "(anonymous_0)",
        "decl": { "start": { "line": 6, "column": 17 }, "end": { "line": 6, "column": 18 } },
        "loc": { "start": { "line": 7, "column": 2 }, "end": { "line": 45, "column": 12 } },
        "line": 7
      },
      "1": {
        "name": "(anonymous_1)",
        "decl": { "start": { "line": 18, "column": 22 }, "end": { "line": 18, "column": 23 } },
        "loc": { "start": { "line": 19, "column": 14 }, "end": { "line": 19, "column": 42 } },
        "line": 19
      }
    },
    "branchMap": {},
    "s": { "0": 1, "1": 1, "2": 2 },
    "f": { "0": 1, "1": 2 },
    "b": {},
    "_coverageSchema": "1a1c01bbd47fc00a2c39e90264f33305004495a9",
    "hash": "90950d297b9d73f7d9fa99e4b3527b1e9c7a251c"
  },
  "/Users/chris/Git/chrisotto/components/ProjectCard.js": {
    "path": "/Users/chris/Git/chrisotto/components/ProjectCard.js",
    "statementMap": {
      "0": { "start": { "line": 4, "column": 20 }, "end": { "line": 26, "column": 1 } },
      "1": { "start": { "line": 5, "column": 2 }, "end": { "line": 25, "column": 8 } },
      "2": { "start": { "line": 13, "column": 8 }, "end": { "line": 18, "column": 15 } }
    },
    "fnMap": {
      "0": {
        "name": "(anonymous_0)",
        "decl": { "start": { "line": 4, "column": 20 }, "end": { "line": 4, "column": 21 } },
        "loc": { "start": { "line": 5, "column": 2 }, "end": { "line": 25, "column": 8 } },
        "line": 5
      },
      "1": {
        "name": "(anonymous_1)",
        "decl": { "start": { "line": 12, "column": 16 }, "end": { "line": 12, "column": 17 } },
        "loc": { "start": { "line": 13, "column": 8 }, "end": { "line": 18, "column": 15 } },
        "line": 13
      }
    },
    "branchMap": {},
    "s": { "0": 1, "1": 1, "2": 2 },
    "f": { "0": 1, "1": 2 },
    "b": {},
    "_coverageSchema": "1a1c01bbd47fc00a2c39e90264f33305004495a9",
    "hash": "d3e551ec1eb617a08f6b176e0d30610d1f801bc9"
  },
  "/Users/chris/Git/chrisotto/components/SEO.js": {
    "path": "/Users/chris/Git/chrisotto/components/SEO.js",
    "statementMap": {
      "0": { "start": { "line": 5, "column": 25 }, "end": { "line": 33, "column": 1 } },
      "1": { "start": { "line": 6, "column": 17 }, "end": { "line": 6, "column": 28 } },
      "2": { "start": { "line": 7, "column": 2 }, "end": { "line": 32, "column": 3 } },
      "3": { "start": { "line": 18, "column": 33 }, "end": { "line": 18, "column": 85 } },
      "4": { "start": { "line": 35, "column": 23 }, "end": { "line": 47, "column": 1 } },
      "5": { "start": { "line": 36, "column": 21 }, "end": { "line": 36, "column": 69 } },
      "6": { "start": { "line": 37, "column": 21 }, "end": { "line": 37, "column": 69 } },
      "7": { "start": { "line": 38, "column": 2 }, "end": { "line": 46, "column": 3 } },
      "8": { "start": { "line": 49, "column": 22 }, "end": { "line": 72, "column": 1 } },
      "9": { "start": { "line": 50, "column": 21 }, "end": { "line": 50, "column": 69 } },
      "10": { "start": { "line": 51, "column": 21 }, "end": { "line": 51, "column": 69 } },
      "11": { "start": { "line": 52, "column": 17 }, "end": { "line": 52, "column": 28 } },
      "12": { "start": { "line": 53, "column": 2 }, "end": { "line": 71, "column": 3 } },
      "13": { "start": { "line": 74, "column": 23 }, "end": { "line": 163, "column": 1 } },
      "14": { "start": { "line": 84, "column": 17 }, "end": { "line": 84, "column": 28 } },
      "15": { "start": { "line": 85, "column": 22 }, "end": { "line": 85, "column": 50 } },
      "16": { "start": { "line": 86, "column": 21 }, "end": { "line": 86, "column": 60 } },
      "17": { "start": { "line": 88, "column": 4 }, "end": { "line": 92, "column": 14 } },
      "18": { "start": { "line": 94, "column": 25 }, "end": { "line": 99, "column": 4 } },
      "19": { "start": { "line": 95, "column": 4 }, "end": { "line": 98, "column": 5 } },
      "20": { "start": { "line": 102, "column": 2 }, "end": { "line": 114, "column": 3 } },
      "21": { "start": { "line": 103, "column": 4 }, "end": { "line": 108, "column": 6 } },
      "22": { "start": { "line": 104, "column": 6 }, "end": { "line": 107, "column": 7 } },
      "23": { "start": { "line": 110, "column": 4 }, "end": { "line": 113, "column": 5 } },
      "24": { "start": { "line": 116, "column": 25 }, "end": { "line": 137, "column": 3 } },
      "25": { "start": { "line": 139, "column": 21 }, "end": { "line": 139, "column": 42 } },
      "26": { "start": { "line": 141, "column": 2 }, "end": { "line": 162, "column": 3 } }
    },
    "fnMap": {
      "0": {
        "name": "(anonymous_0)",
        "decl": { "start": { "line": 5, "column": 25 }, "end": { "line": 5, "column": 26 } },
        "loc": { "start": { "line": 5, "column": 93 }, "end": { "line": 33, "column": 1 } },
        "line": 5
      },
      "1": {
        "name": "(anonymous_1)",
        "decl": { "start": { "line": 18, "column": 20 }, "end": { "line": 18, "column": 21 } },
        "loc": { "start": { "line": 18, "column": 33 }, "end": { "line": 18, "column": 85 } },
        "line": 18
      },
      "2": {
        "name": "(anonymous_2)",
        "decl": { "start": { "line": 35, "column": 23 }, "end": { "line": 35, "column": 24 } },
        "loc": { "start": { "line": 35, "column": 51 }, "end": { "line": 47, "column": 1 } },
        "line": 35
      },
      "3": {
        "name": "(anonymous_3)",
        "decl": { "start": { "line": 49, "column": 22 }, "end": { "line": 49, "column": 23 } },
        "loc": { "start": { "line": 49, "column": 50 }, "end": { "line": 72, "column": 1 } },
        "line": 49
      },
      "4": {
        "name": "(anonymous_4)",
        "decl": { "start": { "line": 74, "column": 23 }, "end": { "line": 74, "column": 24 } },
        "loc": { "start": { "line": 83, "column": 6 }, "end": { "line": 163, "column": 1 } },
        "line": 83
      },
      "5": {
        "name": "(anonymous_5)",
        "decl": { "start": { "line": 94, "column": 39 }, "end": { "line": 94, "column": 40 } },
        "loc": { "start": { "line": 94, "column": 48 }, "end": { "line": 99, "column": 3 } },
        "line": 94
      },
      "6": {
        "name": "(anonymous_6)",
        "decl": { "start": { "line": 103, "column": 35 }, "end": { "line": 103, "column": 36 } },
        "loc": { "start": { "line": 103, "column": 47 }, "end": { "line": 108, "column": 5 } },
        "line": 103
      }
    },
    "branchMap": {
      "0": {
        "loc": { "start": { "line": 17, "column": 7 }, "end": { "line": 21, "column": 7 } },
        "type": "cond-expr",
        "locations": [
          { "start": { "line": 18, "column": 8 }, "end": { "line": 18, "column": 86 } },
          { "start": { "line": 20, "column": 8 }, "end": { "line": 20, "column": 68 } }
        ],
        "line": 17
      },
      "1": {
        "loc": { "start": { "line": 29, "column": 14 }, "end": { "line": 29, "column": 85 } },
        "type": "cond-expr",
        "locations": [
          { "start": { "line": 29, "column": 29 }, "end": { "line": 29, "column": 41 } },
          { "start": { "line": 29, "column": 44 }, "end": { "line": 29, "column": 85 } }
        ],
        "line": 29
      },
      "2": {
        "loc": { "start": { "line": 81, "column": 2 }, "end": { "line": 81, "column": 13 } },
        "type": "default-arg",
        "locations": [
          { "start": { "line": 81, "column": 11 }, "end": { "line": 81, "column": 13 } }
        ],
        "line": 81
      },
      "3": {
        "loc": { "start": { "line": 86, "column": 30 }, "end": { "line": 86, "column": 45 } },
        "type": "binary-expr",
        "locations": [
          { "start": { "line": 86, "column": 30 }, "end": { "line": 86, "column": 37 } },
          { "start": { "line": 86, "column": 41 }, "end": { "line": 86, "column": 45 } }
        ],
        "line": 86
      },
      "4": {
        "loc": { "start": { "line": 88, "column": 4 }, "end": { "line": 92, "column": 14 } },
        "type": "cond-expr",
        "locations": [
          { "start": { "line": 89, "column": 8 }, "end": { "line": 89, "column": 35 } },
          { "start": { "line": 90, "column": 8 }, "end": { "line": 92, "column": 14 } }
        ],
        "line": 88
      },
      "5": {
        "loc": { "start": { "line": 90, "column": 8 }, "end": { "line": 92, "column": 14 } },
        "type": "cond-expr",
        "locations": [
          { "start": { "line": 91, "column": 8 }, "end": { "line": 91, "column": 16 } },
          { "start": { "line": 92, "column": 8 }, "end": { "line": 92, "column": 14 } }
        ],
        "line": 90
      },
      "6": {
        "loc": { "start": { "line": 102, "column": 2 }, "end": { "line": 114, "column": 3 } },
        "type": "if",
        "locations": [
          { "start": { "line": 102, "column": 2 }, "end": { "line": 114, "column": 3 } },
          { "start": { "line": 109, "column": 9 }, "end": { "line": 114, "column": 3 } }
        ],
        "line": 102
      },
      "7": {
        "loc": { "start": { "line": 152, "column": 9 }, "end": { "line": 152, "column": 81 } },
        "type": "binary-expr",
        "locations": [
          { "start": { "line": 152, "column": 9 }, "end": { "line": 152, "column": 13 } },
          { "start": { "line": 152, "column": 17 }, "end": { "line": 152, "column": 81 } }
        ],
        "line": 152
      },
      "8": {
        "loc": { "start": { "line": 153, "column": 9 }, "end": { "line": 153, "column": 82 } },
        "type": "binary-expr",
        "locations": [
          { "start": { "line": 153, "column": 9 }, "end": { "line": 153, "column": 16 } },
          { "start": { "line": 153, "column": 20 }, "end": { "line": 153, "column": 82 } }
        ],
        "line": 153
      }
    },
    "s": {
      "0": 1,
      "1": 7,
      "2": 7,
      "3": 5,
      "4": 1,
      "5": 1,
      "6": 1,
      "7": 1,
      "8": 1,
      "9": 1,
      "10": 1,
      "11": 1,
      "12": 1,
      "13": 1,
      "14": 3,
      "15": 3,
      "16": 3,
      "17": 3,
      "18": 3,
      "19": 3,
      "20": 3,
      "21": 1,
      "22": 1,
      "23": 2,
      "24": 3,
      "25": 3,
      "26": 3
    },
    "f": { "0": 7, "1": 5, "2": 1, "3": 1, "4": 3, "5": 3, "6": 1 },
    "b": {
      "0": [4, 3],
      "1": [5, 2],
      "2": [0],
      "3": [3, 0],
      "4": [1, 2],
      "5": [1, 1],
      "6": [1, 2],
      "7": [3, 3],
      "8": [3, 3]
    },
    "_coverageSchema": "1a1c01bbd47fc00a2c39e90264f33305004495a9",
    "hash": "9b433330fbfb08f5a5d456f7c703f3eb91d26528"
  },
  "/Users/chris/Git/chrisotto/data/headerNavLinks.js": {
    "path": "/Users/chris/Git/chrisotto/data/headerNavLinks.js",
    "statementMap": {
      "0": { "start": { "line": 1, "column": 23 }, "end": { "line": 7, "column": 1 } }
    },
    "fnMap": {},
    "branchMap": {},
    "s": { "0": 1 },
    "f": {},
    "b": {},
    "_coverageSchema": "1a1c01bbd47fc00a2c39e90264f33305004495a9",
    "hash": "7b26481115a748cbc558ab243aaf7c0d2599d36c"
  }
}
