TN:
SF:components/BlogItem.js
FN:6,(anonymous_0)
FN:18,(anonymous_1)
FNF:2
FNH:2
FNDA:1,(anonymous_0)
FNDA:2,(anonymous_1)
DA:6,1
DA:7,1
DA:19,2
LF:3
LH:3
BRF:0
BRH:0
end_of_record
TN:
SF:components/ProjectCard.js
FN:4,(anonymous_0)
FN:12,(anonymous_1)
FNF:2
FNH:2
FNDA:1,(anonymous_0)
FNDA:2,(anonymous_1)
DA:4,1
DA:5,1
DA:13,2
LF:3
LH:3
BRF:0
BRH:0
end_of_record
TN:
SF:components/SEO.js
FN:5,(anonymous_0)
FN:18,(anonymous_1)
FN:35,(anonymous_2)
FN:49,(anonymous_3)
FN:74,(anonymous_4)
FN:94,(anonymous_5)
FN:103,(anonymous_6)
FNF:7
FNH:7
FNDA:7,(anonymous_0)
FNDA:5,(anonymous_1)
FNDA:1,(anonymous_2)
FNDA:1,(anonymous_3)
FNDA:3,(anonymous_4)
FNDA:3,(anonymous_5)
FNDA:1,(anonymous_6)
DA:5,1
DA:6,7
DA:7,7
DA:18,5
DA:35,1
DA:36,1
DA:37,1
DA:38,1
DA:49,1
DA:50,1
DA:51,1
DA:52,1
DA:53,1
DA:74,1
DA:84,3
DA:85,3
DA:86,3
DA:88,3
DA:94,3
DA:95,3
DA:102,3
DA:103,1
DA:104,1
DA:110,2
DA:116,3
DA:139,3
DA:141,3
LF:27
LH:27
BRDA:17,0,0,4
BRDA:17,0,1,3
BRDA:29,1,0,5
BRDA:29,1,1,2
BRDA:81,2,0,0
BRDA:86,3,0,3
BRDA:86,3,1,0
BRDA:88,4,0,1
BRDA:88,4,1,2
BRDA:90,5,0,1
BRDA:90,5,1,1
BRDA:102,6,0,1
BRDA:102,6,1,2
BRDA:152,7,0,3
BRDA:152,7,1,3
BRDA:153,8,0,3
BRDA:153,8,1,3
BRF:17
BRH:15
end_of_record
TN:
SF:data/headerNavLinks.js
FNF:0
FNH:0
DA:1,1
LF:1
LH:1
BRF:0
BRH:0
end_of_record
