TN:
SF:components/BlogItem.js
FN:6,(anonymous_0)
FN:18,(anonymous_1)
FNF:2
FNH:2
FNDA:1,(anonymous_0)
FNDA:2,(anonymous_1)
DA:6,1
DA:7,1
DA:19,2
LF:3
LH:3
BRF:0
BRH:0
end_of_record
TN:
SF:components/Footer.js
FN:5,Footer
FNF:1
FNH:1
FNDA:1,Footer
DA:6,1
LF:1
LH:1
BRF:0
BRH:0
end_of_record
TN:
SF:components/Image.js
FN:4,(anonymous_0)
FNF:1
FNH:1
FNDA:2,(anonymous_0)
DA:4,2
LF:1
LH:1
BRF:0
BRH:0
end_of_record
TN:
SF:components/Link.js
FN:4,(anonymous_0)
FNF:1
FNH:1
FNDA:27,(anonymous_0)
DA:4,5
DA:5,27
DA:6,27
DA:8,27
DA:9,25
DA:16,2
DA:17,1
DA:20,1
LF:8
LH:8
BRDA:5,0,0,27
BRDA:5,0,1,27
BRDA:6,1,0,27
BRDA:6,1,1,27
BRDA:8,2,0,25
BRDA:8,2,1,2
BRDA:16,3,0,1
BRDA:16,3,1,1
BRF:8
BRH:8
end_of_record
TN:
SF:components/MobileNav.js
FN:5,(anonymous_0)
FN:8,(anonymous_1)
FN:9,(anonymous_2)
FN:62,(anonymous_3)
FNF:4
FNH:4
FNDA:4,(anonymous_0)
FNDA:2,(anonymous_1)
FNDA:2,(anonymous_2)
FNDA:20,(anonymous_3)
DA:5,1
DA:6,4
DA:8,4
DA:9,2
DA:10,2
DA:11,1
DA:14,1
DA:16,2
DA:20,4
DA:63,20
LF:10
LH:10
BRDA:10,0,0,1
BRDA:10,0,1,1
BRDA:35,1,0,1
BRDA:35,1,1,3
BRDA:52,2,0,1
BRDA:52,2,1,3
BRF:6
BRH:6
end_of_record
TN:
SF:components/NewsletterForm.js
FN:5,(anonymous_0)
FN:11,(anonymous_1)
FN:78,(anonymous_2)
FNF:3
FNH:2
FNDA:2,(anonymous_0)
FNDA:0,(anonymous_1)
FNDA:1,(anonymous_2)
DA:5,1
DA:6,2
DA:7,2
DA:8,2
DA:9,2
DA:11,2
DA:12,0
DA:14,0
DA:24,0
DA:25,0
DA:26,0
DA:27,0
DA:28,0
DA:31,0
DA:32,0
DA:33,0
DA:34,0
DA:37,2
DA:78,1
DA:79,1
LF:20
LH:9
BRDA:5,0,0,0
BRDA:25,1,0,0
BRDA:25,1,1,0
BRDA:50,2,0,0
BRDA:50,2,1,2
BRDA:60,3,0,0
BRDA:60,3,1,2
BRDA:65,4,0,0
BRDA:65,4,1,2
BRDA:69,5,0,2
BRDA:69,5,1,0
BRF:11
BRH:4
end_of_record
TN:
SF:components/PageTitle.js
FN:1,PageTitle
FNF:1
FNH:1
FNDA:1,PageTitle
DA:2,1
LF:1
LH:1
BRF:0
BRH:0
end_of_record
TN:
SF:components/Pagination.js
FN:3,Pagination
FNF:1
FNH:1
FNDA:3,Pagination
DA:4,3
DA:5,3
DA:7,3
LF:3
LH:3
BRDA:10,0,0,3
BRDA:10,0,1,2
BRDA:15,1,0,3
BRDA:15,1,1,1
BRDA:16,2,0,1
BRDA:16,2,1,0
BRDA:23,3,0,3
BRDA:23,3,1,3
BRDA:28,4,0,3
BRDA:28,4,1,0
BRF:10
BRH:8
end_of_record
TN:
SF:components/Pre.js
FN:3,(anonymous_0)
FN:8,(anonymous_1)
FN:11,(anonymous_2)
FN:15,(anonymous_3)
FN:18,(anonymous_4)
FNF:5
FNH:4
FNDA:7,(anonymous_0)
FNDA:2,(anonymous_1)
FNDA:1,(anonymous_2)
FNDA:1,(anonymous_3)
FNDA:0,(anonymous_4)
DA:3,1
DA:4,7
DA:5,7
DA:6,7
DA:8,7
DA:9,2
DA:11,7
DA:12,1
DA:13,1
DA:15,7
DA:16,1
DA:17,1
DA:18,1
DA:19,0
DA:23,7
LF:15
LH:14
BRDA:31,0,0,7
BRDA:31,0,1,3
BRDA:36,1,0,1
BRDA:36,1,1,2
BRDA:48,2,0,1
BRDA:48,2,1,2
BRDA:50,3,0,1
BRDA:50,3,1,2
BRF:8
BRH:8
end_of_record
TN:
SF:components/ProjectCard.js
FN:4,(anonymous_0)
FN:15,(anonymous_1)
FNF:2
FNH:2
FNDA:1,(anonymous_0)
FNDA:2,(anonymous_1)
DA:4,1
DA:5,1
DA:16,2
LF:3
LH:3
BRF:0
BRH:0
end_of_record
TN:
SF:components/SEO.js
FN:6,(anonymous_0)
FN:19,(anonymous_1)
FN:36,(anonymous_2)
FN:50,(anonymous_3)
FN:75,(anonymous_4)
FN:95,(anonymous_5)
FN:104,(anonymous_6)
FNF:7
FNH:7
FNDA:7,(anonymous_0)
FNDA:5,(anonymous_1)
FNDA:1,(anonymous_2)
FNDA:1,(anonymous_3)
FNDA:3,(anonymous_4)
FNDA:3,(anonymous_5)
FNDA:1,(anonymous_6)
DA:6,1
DA:7,7
DA:8,7
DA:19,5
DA:36,1
DA:37,1
DA:38,1
DA:39,1
DA:50,1
DA:51,1
DA:52,1
DA:53,1
DA:54,1
DA:75,1
DA:85,3
DA:86,3
DA:87,3
DA:89,3
DA:95,3
DA:96,3
DA:103,3
DA:104,1
DA:105,1
DA:111,2
DA:117,3
DA:140,3
DA:142,3
LF:27
LH:27
BRDA:18,0,0,4
BRDA:18,0,1,3
BRDA:30,1,0,5
BRDA:30,1,1,2
BRDA:82,2,0,0
BRDA:87,3,0,3
BRDA:87,3,1,0
BRDA:89,4,0,1
BRDA:89,4,1,2
BRDA:91,5,0,1
BRDA:91,5,1,1
BRDA:103,6,0,1
BRDA:103,6,1,2
BRDA:153,7,0,3
BRDA:153,7,1,3
BRDA:154,8,0,3
BRDA:154,8,1,3
BRF:17
BRH:15
end_of_record
TN:
SF:components/SectionContainer.js
FN:1,SectionContainer
FNF:1
FNH:1
FNDA:1,SectionContainer
DA:2,1
LF:1
LH:1
BRF:0
BRH:0
end_of_record
TN:
SF:components/TOCInline.js
FN:23,(anonymous_0)
FN:36,(anonymous_1)
FN:42,(anonymous_2)
FNF:3
FNH:3
FNDA:3,(anonymous_0)
FNDA:4,(anonymous_1)
FNDA:3,(anonymous_2)
DA:23,1
DA:31,3
DA:35,3
DA:37,4
DA:41,3
DA:43,3
DA:50,3
LF:7
LH:7
BRDA:25,0,0,3
BRDA:26,1,0,3
BRDA:27,2,0,0
BRDA:28,3,0,2
BRDA:29,4,0,1
BRDA:31,5,0,1
BRDA:31,5,1,2
BRDA:37,6,0,4
BRDA:37,6,1,4
BRDA:37,6,2,4
BRDA:43,7,0,3
BRDA:43,7,1,0
BRDA:52,8,0,1
BRDA:52,8,1,2
BRF:14
BRH:12
end_of_record
TN:
SF:components/Tag.js
FN:4,(anonymous_0)
FNF:1
FNH:1
FNDA:3,(anonymous_0)
DA:4,2
DA:5,3
LF:2
LH:2
BRF:0
BRH:0
end_of_record
TN:
SF:components/ThemeSwitch.js
FN:4,(anonymous_0)
FN:9,(anonymous_1)
FN:16,(anonymous_2)
FNF:3
FNH:3
FNDA:4,(anonymous_0)
FNDA:2,(anonymous_1)
FNDA:1,(anonymous_2)
DA:4,1
DA:5,4
DA:6,4
DA:9,4
DA:11,4
DA:16,1
LF:6
LH:6
BRDA:16,0,0,0
BRDA:16,0,1,1
BRDA:16,1,0,1
BRDA:16,1,1,1
BRDA:25,2,0,0
BRDA:25,2,1,4
BRDA:25,3,0,4
BRDA:25,3,1,2
BRDA:25,3,2,2
BRF:9
BRH:7
end_of_record
TN:
SF:components/analytics/GoogleAnalytics.js
FN:5,(anonymous_0)
FN:32,(anonymous_1)
FNF:2
FNH:2
FNDA:1,(anonymous_0)
FNDA:1,(anonymous_1)
DA:5,1
DA:6,1
DA:32,1
DA:33,1
LF:4
LH:4
BRF:0
BRH:0
end_of_record
TN:
SF:components/social-icons/index.js
FN:21,(anonymous_0)
FNF:1
FNH:1
FNDA:8,(anonymous_0)
DA:11,2
DA:21,2
DA:22,8
DA:23,2
DA:25,6
DA:27,6
LF:6
LH:6
BRDA:21,0,0,0
BRDA:22,1,0,2
BRDA:22,1,1,6
BRDA:22,2,0,8
BRDA:22,2,1,6
BRDA:22,2,2,1
BRF:6
BRH:5
end_of_record
TN:
SF:data/headerNavLinks.js
FNF:0
FNH:0
DA:1,1
LF:1
LH:1
BRF:0
BRH:0
end_of_record
TN:
SF:data/siteMetadata.js
FNF:0
FNH:0
DA:1,6
DA:28,6
LF:2
LH:2
BRF:0
BRH:0
end_of_record
TN:
SF:lib/utils/formatDate.js
FN:3,(anonymous_0)
FNF:1
FNH:1
FNDA:4,(anonymous_0)
DA:3,2
DA:4,4
DA:11,4
LF:3
LH:3
BRF:0
BRH:0
end_of_record
TN:
SF:lib/utils/kebabCase.js
FN:3,(anonymous_0)
FNF:1
FNH:1
FNDA:4,(anonymous_0)
DA:3,4
LF:1
LH:1
BRF:0
BRH:0
end_of_record
